{"numFailedTestSuites":0,"numFailedTests":0,"numPassedTestSuites":2,"numPassedTests":12,"numPendingTestSuites":0,"numPendingTests":0,"numRuntimeErrorTestSuites":0,"numTodoTests":0,"numTotalTestSuites":2,"numTotalTests":12,"openHandles":[],"snapshot":{"added":0,"didUpdate":false,"failure":false,"filesAdded":0,"filesRemoved":0,"filesRemovedList":[],"filesUnmatched":0,"filesUpdated":0,"matched":0,"total":0,"unchecked":0,"uncheckedKeysByFile":[],"unmatched":0,"updated":0},"startTime":1640860411341,"success":true,"testResults":[{"assertionResults":[{"ancestorTitles":[],"failureMessages":[],"fullName":"Renders <Button /> properly","location":null,"status":"passed","title":"Renders <Button /> properly"},{"ancestorTitles":[],"failureMessages":[],"fullName":"Renders <Button /> with size properly","location":null,"status":"passed","title":"Renders <Button /> with size properly"},{"ancestorTitles":[],"failureMessages":[],"fullName":"Renders <Button /> with icon properly","location":null,"status":"passed","title":"Renders <Button /> with icon properly"},{"ancestorTitles":[],"failureMessages":[],"fullName":"Renders <Button /> with intent properly","location":null,"status":"passed","title":"Renders <Button /> with intent properly"},{"ancestorTitles":[],"failureMessages":[],"fullName":"Renders <Button /> with right icon properly","location":null,"status":"passed","title":"Renders <Button /> with right icon properly"},{"ancestorTitles":[],"failureMessages":[],"fullName":"Renders <Button /> with icon and right icon properly","location":null,"status":"passed","title":"Renders <Button /> with icon and right icon properly"},{"ancestorTitles":[],"failureMessages":[],"fullName":"Renders <Button /> with onClick function","location":null,"status":"passed","title":"Renders <Button /> with onClick function"}],"endTime":1640860416953,"message":"","name":"/workspace/reqore/__tests__/button.test.tsx","startTime":1640860412163,"status":"passed","summary":""},{"assertionResults":[{"ancestorTitles":[],"failureMessages":[],"fullName":"Does not render <Drawer /> if not open","location":null,"status":"passed","title":"Does not render <Drawer /> if not open"},{"ancestorTitles":[],"failureMessages":[],"fullName":"Renders opened <Drawer /> properly","location":null,"status":"passed","title":"Renders opened <Drawer /> properly"},{"ancestorTitles":[],"failureMessages":[],"fullName":"Renders hidable <Drawer /> properly","location":null,"status":"passed","title":"Renders hidable <Drawer /> properly"},{"ancestorTitles":[],"failureMessages":[],"fullName":"Renders closable <Drawer /> properly","location":null,"status":"passed","title":"Renders closable <Drawer /> properly"},{"ancestorTitles":[],"failureMessages":[],"fullName":"Renders <Drawer /> with interactive backdrop","location":null,"status":"passed","title":"Renders <Drawer /> with interactive backdrop"}],"endTime":1640860417371,"message":"","name":"/workspace/reqore/__tests__/drawer.test.tsx","startTime":1640860412108,"status":"passed","summary":""}],"wasInterrupted":false}