<?xml version="1.0" encoding="UTF-8"?>
<coverage generated="1676473608660" clover="3.2.0">
  <project timestamp="1676473608660" name="All files">
    <metrics statements="65" coveredstatements="65" conditionals="0" coveredconditionals="0" methods="70" coveredmethods="15" elements="135" coveredelements="80" complexity="0" loc="65" ncloc="65" packages="1" files="1" classes="1"/>
    <file name="index.tsx" path="/workspace/reqore/src/index.tsx">
      <metrics statements="65" coveredstatements="65" conditionals="0" coveredconditionals="0" methods="70" coveredmethods="15"/>
      <line num="1" count="12" type="stmt"/>
      <line num="2" count="9" type="stmt"/>
      <line num="3" count="34" type="stmt"/>
      <line num="4" count="18" type="stmt"/>
      <line num="5" count="9" type="stmt"/>
      <line num="6" count="9" type="stmt"/>
      <line num="7" count="9" type="stmt"/>
      <line num="8" count="9" type="stmt"/>
      <line num="9" count="9" type="stmt"/>
      <line num="10" count="71" type="stmt"/>
      <line num="11" count="9" type="stmt"/>
      <line num="12" count="9" type="stmt"/>
      <line num="13" count="9" type="stmt"/>
      <line num="14" count="9" type="stmt"/>
      <line num="15" count="9" type="stmt"/>
      <line num="16" count="9" type="stmt"/>
      <line num="17" count="9" type="stmt"/>
      <line num="18" count="9" type="stmt"/>
      <line num="19" count="9" type="stmt"/>
      <line num="20" count="9" type="stmt"/>
      <line num="21" count="9" type="stmt"/>
      <line num="22" count="9" type="stmt"/>
      <line num="23" count="9" type="stmt"/>
      <line num="25" count="15" type="stmt"/>
      <line num="26" count="39" type="stmt"/>
      <line num="27" count="80" type="stmt"/>
      <line num="28" count="9" type="stmt"/>
      <line num="29" count="9" type="stmt"/>
      <line num="30" count="9" type="stmt"/>
      <line num="31" count="26" type="stmt"/>
      <line num="32" count="9" type="stmt"/>
      <line num="33" count="9" type="stmt"/>
      <line num="34" count="9" type="stmt"/>
      <line num="35" count="9" type="stmt"/>
      <line num="36" count="9" type="stmt"/>
      <line num="37" count="9" type="stmt"/>
      <line num="38" count="9" type="stmt"/>
      <line num="39" count="9" type="stmt"/>
      <line num="40" count="39" type="stmt"/>
      <line num="41" count="9" type="stmt"/>
      <line num="42" count="18" type="stmt"/>
      <line num="43" count="9" type="stmt"/>
      <line num="44" count="9" type="stmt"/>
      <line num="45" count="9" type="stmt"/>
      <line num="46" count="9" type="stmt"/>
      <line num="47" count="9" type="stmt"/>
      <line num="48" count="9" type="stmt"/>
      <line num="49" count="9" type="stmt"/>
      <line num="50" count="9" type="stmt"/>
      <line num="51" count="9" type="stmt"/>
      <line num="52" count="9" type="stmt"/>
      <line num="53" count="34" type="stmt"/>
      <line num="54" count="9" type="stmt"/>
      <line num="55" count="14" type="stmt"/>
      <line num="56" count="9" type="stmt"/>
      <line num="57" count="9" type="stmt"/>
      <line num="58" count="9" type="stmt"/>
      <line num="59" count="9" type="stmt"/>
      <line num="60" count="91" type="stmt"/>
      <line num="61" count="9" type="stmt"/>
      <line num="62" count="9" type="stmt"/>
      <line num="63" count="9" type="stmt"/>
      <line num="64" count="9" type="stmt"/>
      <line num="65" count="2320" type="stmt"/>
      <line num="66" count="797" type="stmt"/>
    </file>
  </project>
</coverage>
