{"/workspace/reqore/src/index.tsx": {"path":"/workspace/reqore/src/index.tsx","statementMap":{"0":{"start":{"line":1,"column":0},"end":{"line":1,"column":9}},"1":{"start":{"line":1,"column":9},"end":{"line":1,"column":37}},"2":{"start":{"line":2,"column":0},"end":{"line":2,"column":9}},"3":{"start":{"line":2,"column":9},"end":{"line":2,"column":41}},"4":{"start":{"line":3,"column":0},"end":{"line":3,"column":9}},"5":{"start":{"line":3,"column":9},"end":{"line":3,"column":32}},"6":{"start":{"line":4,"column":0},"end":{"line":4,"column":9}},"7":{"start":{"line":4,"column":9},"end":{"line":4,"column":34}},"8":{"start":{"line":5,"column":0},"end":{"line":5,"column":9}},"9":{"start":{"line":5,"column":9},"end":{"line":5,"column":59}},"10":{"start":{"line":6,"column":0},"end":{"line":6,"column":9}},"11":{"start":{"line":6,"column":9},"end":{"line":6,"column":53}},"12":{"start":{"line":7,"column":0},"end":{"line":7,"column":9}},"13":{"start":{"line":7,"column":9},"end":{"line":7,"column":59}},"14":{"start":{"line":8,"column":0},"end":{"line":8,"column":9}},"15":{"start":{"line":8,"column":9},"end":{"line":8,"column":53}},"16":{"start":{"line":9,"column":0},"end":{"line":9,"column":9}},"17":{"start":{"line":9,"column":9},"end":{"line":9,"column":61}},"18":{"start":{"line":10,"column":0},"end":{"line":10,"column":9}},"19":{"start":{"line":10,"column":9},"end":{"line":10,"column":33}},"20":{"start":{"line":11,"column":0},"end":{"line":11,"column":9}},"21":{"start":{"line":11,"column":9},"end":{"line":11,"column":38}},"22":{"start":{"line":12,"column":0},"end":{"line":12,"column":9}},"23":{"start":{"line":12,"column":9},"end":{"line":12,"column":51}},"24":{"start":{"line":13,"column":0},"end":{"line":13,"column":9}},"25":{"start":{"line":13,"column":9},"end":{"line":13,"column":34}},"26":{"start":{"line":14,"column":0},"end":{"line":14,"column":9}},"27":{"start":{"line":14,"column":9},"end":{"line":14,"column":32}},"28":{"start":{"line":14,"column":32},"end":{"line":14,"column":87}},"29":{"start":{"line":15,"column":0},"end":{"line":15,"column":9}},"30":{"start":{"line":15,"column":9},"end":{"line":15,"column":23}},"31":{"start":{"line":15,"column":23},"end":{"line":15,"column":69}},"32":{"start":{"line":16,"column":0},"end":{"line":16,"column":null}},"33":{"start":{"line":17,"column":2},"end":{"line":17,"column":null}},"34":{"start":{"line":18,"column":2},"end":{"line":18,"column":null}},"35":{"start":{"line":19,"column":2},"end":{"line":19,"column":null}},"36":{"start":{"line":20,"column":2},"end":{"line":20,"column":null}},"37":{"start":{"line":21,"column":2},"end":{"line":21,"column":null}},"38":{"start":{"line":22,"column":2},"end":{"line":22,"column":null}},"39":{"start":{"line":23,"column":2},"end":{"line":23,"column":null}},"40":{"start":{"line":25,"column":0},"end":{"line":25,"column":9}},"41":{"start":{"line":25,"column":9},"end":{"line":25,"column":30}},"42":{"start":{"line":26,"column":0},"end":{"line":26,"column":9}},"43":{"start":{"line":26,"column":9},"end":{"line":26,"column":31}},"44":{"start":{"line":27,"column":0},"end":{"line":27,"column":9}},"45":{"start":{"line":27,"column":9},"end":{"line":27,"column":39}},"46":{"start":{"line":28,"column":0},"end":{"line":28,"column":9}},"47":{"start":{"line":28,"column":9},"end":{"line":28,"column":30}},"48":{"start":{"line":29,"column":0},"end":{"line":29,"column":9}},"49":{"start":{"line":29,"column":9},"end":{"line":29,"column":37}},"50":{"start":{"line":30,"column":0},"end":{"line":30,"column":9}},"51":{"start":{"line":30,"column":9},"end":{"line":30,"column":34}},"52":{"start":{"line":31,"column":0},"end":{"line":31,"column":9}},"53":{"start":{"line":31,"column":9},"end":{"line":31,"column":33}},"54":{"start":{"line":32,"column":0},"end":{"line":32,"column":9}},"55":{"start":{"line":32,"column":9},"end":{"line":32,"column":49}},"56":{"start":{"line":33,"column":0},"end":{"line":33,"column":9}},"57":{"start":{"line":33,"column":9},"end":{"line":33,"column":61}},"58":{"start":{"line":34,"column":0},"end":{"line":34,"column":9}},"59":{"start":{"line":34,"column":9},"end":{"line":34,"column":23}},"60":{"start":{"line":34,"column":23},"end":{"line":34,"column":65}},"61":{"start":{"line":35,"column":0},"end":{"line":35,"column":9}},"62":{"start":{"line":35,"column":9},"end":{"line":35,"column":39}},"63":{"start":{"line":36,"column":0},"end":{"line":36,"column":9}},"64":{"start":{"line":36,"column":9},"end":{"line":36,"column":37}},"65":{"start":{"line":37,"column":0},"end":{"line":37,"column":9}},"66":{"start":{"line":37,"column":9},"end":{"line":37,"column":36}},"67":{"start":{"line":38,"column":0},"end":{"line":38,"column":9}},"68":{"start":{"line":38,"column":9},"end":{"line":38,"column":46}},"69":{"start":{"line":39,"column":0},"end":{"line":39,"column":9}},"70":{"start":{"line":39,"column":9},"end":{"line":39,"column":38}},"71":{"start":{"line":40,"column":0},"end":{"line":40,"column":9}},"72":{"start":{"line":40,"column":9},"end":{"line":40,"column":49}},"73":{"start":{"line":41,"column":0},"end":{"line":41,"column":9}},"74":{"start":{"line":41,"column":9},"end":{"line":41,"column":18}},"75":{"start":{"line":41,"column":18},"end":{"line":41,"column":44}},"76":{"start":{"line":42,"column":0},"end":{"line":42,"column":9}},"77":{"start":{"line":42,"column":9},"end":{"line":42,"column":33}},"78":{"start":{"line":43,"column":0},"end":{"line":43,"column":9}},"79":{"start":{"line":43,"column":9},"end":{"line":43,"column":36}},"80":{"start":{"line":44,"column":0},"end":{"line":44,"column":9}},"81":{"start":{"line":44,"column":9},"end":{"line":44,"column":33}},"82":{"start":{"line":45,"column":0},"end":{"line":45,"column":9}},"83":{"start":{"line":45,"column":9},"end":{"line":45,"column":33}},"84":{"start":{"line":45,"column":33},"end":{"line":45,"column":47}},"85":{"start":{"line":45,"column":47},"end":{"line":45,"column":97}},"86":{"start":{"line":46,"column":0},"end":{"line":46,"column":9}},"87":{"start":{"line":46,"column":9},"end":{"line":46,"column":31}},"88":{"start":{"line":47,"column":0},"end":{"line":47,"column":9}},"89":{"start":{"line":47,"column":9},"end":{"line":47,"column":30}},"90":{"start":{"line":48,"column":0},"end":{"line":48,"column":9}},"91":{"start":{"line":48,"column":9},"end":{"line":48,"column":37}},"92":{"start":{"line":49,"column":0},"end":{"line":49,"column":9}},"93":{"start":{"line":49,"column":9},"end":{"line":49,"column":38}},"94":{"start":{"line":50,"column":0},"end":{"line":50,"column":9}},"95":{"start":{"line":50,"column":9},"end":{"line":50,"column":34}},"96":{"start":{"line":51,"column":0},"end":{"line":51,"column":9}},"97":{"start":{"line":51,"column":9},"end":{"line":51,"column":29}},"98":{"start":{"line":52,"column":0},"end":{"line":52,"column":9}},"99":{"start":{"line":52,"column":9},"end":{"line":52,"column":34}},"100":{"start":{"line":53,"column":0},"end":{"line":53,"column":9}},"101":{"start":{"line":53,"column":9},"end":{"line":53,"column":34}},"102":{"start":{"line":54,"column":0},"end":{"line":54,"column":9}},"103":{"start":{"line":54,"column":9},"end":{"line":54,"column":33}},"104":{"start":{"line":55,"column":0},"end":{"line":55,"column":9}},"105":{"start":{"line":55,"column":9},"end":{"line":55,"column":47}},"106":{"start":{"line":56,"column":0},"end":{"line":56,"column":9}},"107":{"start":{"line":56,"column":9},"end":{"line":56,"column":31}},"108":{"start":{"line":57,"column":0},"end":{"line":57,"column":9}},"109":{"start":{"line":57,"column":9},"end":{"line":57,"column":48}},"110":{"start":{"line":58,"column":0},"end":{"line":58,"column":9}},"111":{"start":{"line":58,"column":9},"end":{"line":58,"column":50}},"112":{"start":{"line":59,"column":0},"end":{"line":59,"column":9}},"113":{"start":{"line":59,"column":9},"end":{"line":59,"column":39}},"114":{"start":{"line":60,"column":0},"end":{"line":60,"column":9}},"115":{"start":{"line":60,"column":9},"end":{"line":60,"column":36}},"116":{"start":{"line":61,"column":0},"end":{"line":61,"column":9}},"117":{"start":{"line":61,"column":9},"end":{"line":61,"column":33}},"118":{"start":{"line":62,"column":0},"end":{"line":62,"column":9}},"119":{"start":{"line":62,"column":9},"end":{"line":62,"column":38}},"120":{"start":{"line":63,"column":0},"end":{"line":63,"column":9}},"121":{"start":{"line":63,"column":9},"end":{"line":63,"column":35}},"122":{"start":{"line":64,"column":0},"end":{"line":64,"column":9}},"123":{"start":{"line":64,"column":9},"end":{"line":64,"column":46}},"124":{"start":{"line":65,"column":0},"end":{"line":65,"column":9}},"125":{"start":{"line":65,"column":9},"end":{"line":65,"column":61}},"126":{"start":{"line":66,"column":0},"end":{"line":66,"column":9}},"127":{"start":{"line":66,"column":9},"end":{"line":66,"column":50}}},"fnMap":{"0":{"name":"(anonymous_1)","decl":{"start":{"line":1,"column":9},"end":{"line":1,"column":16}},"loc":{"start":{"line":1,"column":9},"end":{"line":1,"column":37}}},"1":{"name":"(anonymous_2)","decl":{"start":{"line":2,"column":9},"end":{"line":2,"column":16}},"loc":{"start":{"line":2,"column":9},"end":{"line":2,"column":41}}},"2":{"name":"(anonymous_3)","decl":{"start":{"line":3,"column":9},"end":{"line":3,"column":16}},"loc":{"start":{"line":3,"column":9},"end":{"line":3,"column":32}}},"3":{"name":"(anonymous_4)","decl":{"start":{"line":4,"column":9},"end":{"line":4,"column":16}},"loc":{"start":{"line":4,"column":9},"end":{"line":4,"column":34}}},"4":{"name":"(anonymous_5)","decl":{"start":{"line":5,"column":9},"end":{"line":5,"column":25}},"loc":{"start":{"line":5,"column":9},"end":{"line":5,"column":59}}},"5":{"name":"(anonymous_6)","decl":{"start":{"line":6,"column":9},"end":{"line":6,"column":22}},"loc":{"start":{"line":6,"column":9},"end":{"line":6,"column":53}}},"6":{"name":"(anonymous_7)","decl":{"start":{"line":7,"column":9},"end":{"line":7,"column":21}},"loc":{"start":{"line":7,"column":9},"end":{"line":7,"column":59}}},"7":{"name":"(anonymous_8)","decl":{"start":{"line":8,"column":9},"end":{"line":8,"column":22}},"loc":{"start":{"line":8,"column":9},"end":{"line":8,"column":53}}},"8":{"name":"(anonymous_9)","decl":{"start":{"line":9,"column":9},"end":{"line":9,"column":26}},"loc":{"start":{"line":9,"column":9},"end":{"line":9,"column":61}}},"9":{"name":"(anonymous_10)","decl":{"start":{"line":10,"column":9},"end":{"line":10,"column":16}},"loc":{"start":{"line":10,"column":9},"end":{"line":10,"column":33}}},"10":{"name":"(anonymous_11)","decl":{"start":{"line":11,"column":9},"end":{"line":11,"column":16}},"loc":{"start":{"line":11,"column":9},"end":{"line":11,"column":38}}},"11":{"name":"(anonymous_12)","decl":{"start":{"line":12,"column":9},"end":{"line":12,"column":21}},"loc":{"start":{"line":12,"column":9},"end":{"line":12,"column":51}}},"12":{"name":"(anonymous_13)","decl":{"start":{"line":13,"column":9},"end":{"line":13,"column":16}},"loc":{"start":{"line":13,"column":9},"end":{"line":13,"column":34}}},"13":{"name":"(anonymous_14)","decl":{"start":{"line":14,"column":9},"end":{"line":14,"column":30}},"loc":{"start":{"line":14,"column":9},"end":{"line":14,"column":32}}},"14":{"name":"(anonymous_15)","decl":{"start":{"line":14,"column":32},"end":{"line":14,"column":50}},"loc":{"start":{"line":14,"column":32},"end":{"line":14,"column":87}}},"15":{"name":"(anonymous_16)","decl":{"start":{"line":15,"column":9},"end":{"line":15,"column":21}},"loc":{"start":{"line":15,"column":9},"end":{"line":15,"column":23}}},"16":{"name":"(anonymous_17)","decl":{"start":{"line":15,"column":23},"end":{"line":15,"column":39}},"loc":{"start":{"line":15,"column":23},"end":{"line":15,"column":69}}},"17":{"name":"(anonymous_18)","decl":{"start":{"line":17,"column":2},"end":{"line":17,"column":10}},"loc":{"start":{"line":17,"column":2},"end":{"line":17,"column":null}}},"18":{"name":"(anonymous_19)","decl":{"start":{"line":18,"column":2},"end":{"line":18,"column":10}},"loc":{"start":{"line":18,"column":2},"end":{"line":18,"column":null}}},"19":{"name":"(anonymous_20)","decl":{"start":{"line":19,"column":2},"end":{"line":19,"column":10}},"loc":{"start":{"line":19,"column":2},"end":{"line":19,"column":null}}},"20":{"name":"(anonymous_21)","decl":{"start":{"line":20,"column":2},"end":{"line":20,"column":10}},"loc":{"start":{"line":20,"column":2},"end":{"line":20,"column":null}}},"21":{"name":"(anonymous_22)","decl":{"start":{"line":21,"column":2},"end":{"line":21,"column":10}},"loc":{"start":{"line":21,"column":2},"end":{"line":21,"column":null}}},"22":{"name":"(anonymous_23)","decl":{"start":{"line":22,"column":2},"end":{"line":22,"column":10}},"loc":{"start":{"line":22,"column":2},"end":{"line":22,"column":null}}},"23":{"name":"(anonymous_24)","decl":{"start":{"line":23,"column":2},"end":{"line":23,"column":15}},"loc":{"start":{"line":23,"column":2},"end":{"line":23,"column":null}}},"24":{"name":"(anonymous_25)","decl":{"start":{"line":25,"column":9},"end":{"line":25,"column":16}},"loc":{"start":{"line":25,"column":9},"end":{"line":25,"column":30}}},"25":{"name":"(anonymous_26)","decl":{"start":{"line":26,"column":9},"end":{"line":26,"column":16}},"loc":{"start":{"line":26,"column":9},"end":{"line":26,"column":31}}},"26":{"name":"(anonymous_27)","decl":{"start":{"line":27,"column":9},"end":{"line":27,"column":16}},"loc":{"start":{"line":27,"column":9},"end":{"line":27,"column":39}}},"27":{"name":"(anonymous_28)","decl":{"start":{"line":28,"column":9},"end":{"line":28,"column":16}},"loc":{"start":{"line":28,"column":9},"end":{"line":28,"column":30}}},"28":{"name":"(anonymous_29)","decl":{"start":{"line":29,"column":9},"end":{"line":29,"column":16}},"loc":{"start":{"line":29,"column":9},"end":{"line":29,"column":37}}},"29":{"name":"(anonymous_30)","decl":{"start":{"line":30,"column":9},"end":{"line":30,"column":16}},"loc":{"start":{"line":30,"column":9},"end":{"line":30,"column":34}}},"30":{"name":"(anonymous_31)","decl":{"start":{"line":31,"column":9},"end":{"line":31,"column":16}},"loc":{"start":{"line":31,"column":9},"end":{"line":31,"column":33}}},"31":{"name":"(anonymous_32)","decl":{"start":{"line":32,"column":9},"end":{"line":32,"column":20}},"loc":{"start":{"line":32,"column":9},"end":{"line":32,"column":49}}},"32":{"name":"(anonymous_33)","decl":{"start":{"line":33,"column":9},"end":{"line":33,"column":26}},"loc":{"start":{"line":33,"column":9},"end":{"line":33,"column":61}}},"33":{"name":"(anonymous_34)","decl":{"start":{"line":34,"column":9},"end":{"line":34,"column":21}},"loc":{"start":{"line":34,"column":9},"end":{"line":34,"column":23}}},"34":{"name":"(anonymous_35)","decl":{"start":{"line":34,"column":23},"end":{"line":34,"column":35}},"loc":{"start":{"line":34,"column":23},"end":{"line":34,"column":65}}},"35":{"name":"(anonymous_36)","decl":{"start":{"line":35,"column":9},"end":{"line":35,"column":16}},"loc":{"start":{"line":35,"column":9},"end":{"line":35,"column":39}}},"36":{"name":"(anonymous_37)","decl":{"start":{"line":36,"column":9},"end":{"line":36,"column":16}},"loc":{"start":{"line":36,"column":9},"end":{"line":36,"column":37}}},"37":{"name":"(anonymous_38)","decl":{"start":{"line":37,"column":9},"end":{"line":37,"column":16}},"loc":{"start":{"line":37,"column":9},"end":{"line":37,"column":36}}},"38":{"name":"(anonymous_39)","decl":{"start":{"line":38,"column":9},"end":{"line":38,"column":16}},"loc":{"start":{"line":38,"column":9},"end":{"line":38,"column":46}}},"39":{"name":"(anonymous_40)","decl":{"start":{"line":39,"column":9},"end":{"line":39,"column":16}},"loc":{"start":{"line":39,"column":9},"end":{"line":39,"column":38}}},"40":{"name":"(anonymous_41)","decl":{"start":{"line":40,"column":9},"end":{"line":40,"column":20}},"loc":{"start":{"line":40,"column":9},"end":{"line":40,"column":49}}},"41":{"name":"(anonymous_42)","decl":{"start":{"line":41,"column":9},"end":{"line":41,"column":16}},"loc":{"start":{"line":41,"column":9},"end":{"line":41,"column":18}}},"42":{"name":"(anonymous_43)","decl":{"start":{"line":41,"column":18},"end":{"line":41,"column":25}},"loc":{"start":{"line":41,"column":18},"end":{"line":41,"column":44}}},"43":{"name":"(anonymous_44)","decl":{"start":{"line":42,"column":9},"end":{"line":42,"column":16}},"loc":{"start":{"line":42,"column":9},"end":{"line":42,"column":33}}},"44":{"name":"(anonymous_45)","decl":{"start":{"line":43,"column":9},"end":{"line":43,"column":16}},"loc":{"start":{"line":43,"column":9},"end":{"line":43,"column":36}}},"45":{"name":"(anonymous_46)","decl":{"start":{"line":44,"column":9},"end":{"line":44,"column":16}},"loc":{"start":{"line":44,"column":9},"end":{"line":44,"column":33}}},"46":{"name":"(anonymous_47)","decl":{"start":{"line":45,"column":9},"end":{"line":45,"column":31}},"loc":{"start":{"line":45,"column":9},"end":{"line":45,"column":33}}},"47":{"name":"(anonymous_48)","decl":{"start":{"line":45,"column":33},"end":{"line":45,"column":45}},"loc":{"start":{"line":45,"column":33},"end":{"line":45,"column":47}}},"48":{"name":"(anonymous_49)","decl":{"start":{"line":45,"column":47},"end":{"line":45,"column":67}},"loc":{"start":{"line":45,"column":47},"end":{"line":45,"column":97}}},"49":{"name":"(anonymous_50)","decl":{"start":{"line":46,"column":9},"end":{"line":46,"column":16}},"loc":{"start":{"line":46,"column":9},"end":{"line":46,"column":31}}},"50":{"name":"(anonymous_51)","decl":{"start":{"line":47,"column":9},"end":{"line":47,"column":16}},"loc":{"start":{"line":47,"column":9},"end":{"line":47,"column":30}}},"51":{"name":"(anonymous_52)","decl":{"start":{"line":48,"column":9},"end":{"line":48,"column":16}},"loc":{"start":{"line":48,"column":9},"end":{"line":48,"column":37}}},"52":{"name":"(anonymous_53)","decl":{"start":{"line":49,"column":9},"end":{"line":49,"column":16}},"loc":{"start":{"line":49,"column":9},"end":{"line":49,"column":38}}},"53":{"name":"(anonymous_54)","decl":{"start":{"line":50,"column":9},"end":{"line":50,"column":16}},"loc":{"start":{"line":50,"column":9},"end":{"line":50,"column":34}}},"54":{"name":"(anonymous_55)","decl":{"start":{"line":51,"column":9},"end":{"line":51,"column":16}},"loc":{"start":{"line":51,"column":9},"end":{"line":51,"column":29}}},"55":{"name":"(anonymous_56)","decl":{"start":{"line":52,"column":9},"end":{"line":52,"column":16}},"loc":{"start":{"line":52,"column":9},"end":{"line":52,"column":34}}},"56":{"name":"(anonymous_57)","decl":{"start":{"line":53,"column":9},"end":{"line":53,"column":16}},"loc":{"start":{"line":53,"column":9},"end":{"line":53,"column":34}}},"57":{"name":"(anonymous_58)","decl":{"start":{"line":54,"column":9},"end":{"line":54,"column":16}},"loc":{"start":{"line":54,"column":9},"end":{"line":54,"column":33}}},"58":{"name":"(anonymous_59)","decl":{"start":{"line":55,"column":9},"end":{"line":55,"column":19}},"loc":{"start":{"line":55,"column":9},"end":{"line":55,"column":47}}},"59":{"name":"(anonymous_60)","decl":{"start":{"line":56,"column":9},"end":{"line":56,"column":15}},"loc":{"start":{"line":56,"column":9},"end":{"line":56,"column":31}}},"60":{"name":"(anonymous_61)","decl":{"start":{"line":57,"column":9},"end":{"line":57,"column":20}},"loc":{"start":{"line":57,"column":9},"end":{"line":57,"column":48}}},"61":{"name":"(anonymous_62)","decl":{"start":{"line":58,"column":9},"end":{"line":58,"column":22}},"loc":{"start":{"line":58,"column":9},"end":{"line":58,"column":50}}},"62":{"name":"(anonymous_63)","decl":{"start":{"line":59,"column":9},"end":{"line":59,"column":16}},"loc":{"start":{"line":59,"column":9},"end":{"line":59,"column":39}}},"63":{"name":"(anonymous_64)","decl":{"start":{"line":60,"column":9},"end":{"line":60,"column":16}},"loc":{"start":{"line":60,"column":9},"end":{"line":60,"column":36}}},"64":{"name":"(anonymous_65)","decl":{"start":{"line":61,"column":9},"end":{"line":61,"column":16}},"loc":{"start":{"line":61,"column":9},"end":{"line":61,"column":33}}},"65":{"name":"(anonymous_66)","decl":{"start":{"line":62,"column":9},"end":{"line":62,"column":16}},"loc":{"start":{"line":62,"column":9},"end":{"line":62,"column":38}}},"66":{"name":"(anonymous_67)","decl":{"start":{"line":63,"column":9},"end":{"line":63,"column":16}},"loc":{"start":{"line":63,"column":9},"end":{"line":63,"column":35}}},"67":{"name":"(anonymous_68)","decl":{"start":{"line":64,"column":9},"end":{"line":64,"column":18}},"loc":{"start":{"line":64,"column":9},"end":{"line":64,"column":46}}},"68":{"name":"(anonymous_69)","decl":{"start":{"line":65,"column":9},"end":{"line":65,"column":26}},"loc":{"start":{"line":65,"column":9},"end":{"line":65,"column":61}}},"69":{"name":"(anonymous_70)","decl":{"start":{"line":66,"column":9},"end":{"line":66,"column":23}},"loc":{"start":{"line":66,"column":9},"end":{"line":66,"column":50}}}},"branchMap":{},"s":{"0":1,"1":1,"2":1,"3":1,"4":1,"5":1,"6":1,"7":1,"8":1,"9":1,"10":1,"11":1,"12":1,"13":1,"14":1,"15":1,"16":1,"17":1,"18":1,"19":6,"20":1,"21":1,"22":1,"23":1,"24":1,"25":1,"26":1,"27":1,"28":1,"29":1,"30":1,"31":1,"32":1,"33":1,"34":1,"35":1,"36":1,"37":1,"38":1,"39":1,"40":1,"41":1,"42":1,"43":1,"44":1,"45":6,"46":1,"47":1,"48":1,"49":1,"50":1,"51":1,"52":1,"53":2,"54":1,"55":1,"56":1,"57":1,"58":1,"59":1,"60":1,"61":1,"62":1,"63":1,"64":1,"65":1,"66":1,"67":1,"68":1,"69":1,"70":1,"71":1,"72":23,"73":1,"74":1,"75":1,"76":1,"77":1,"78":1,"79":1,"80":1,"81":1,"82":1,"83":1,"84":1,"85":1,"86":1,"87":1,"88":1,"89":1,"90":1,"91":1,"92":1,"93":1,"94":1,"95":1,"96":1,"97":1,"98":1,"99":1,"100":1,"101":2,"102":1,"103":1,"104":1,"105":6,"106":1,"107":1,"108":1,"109":1,"110":1,"111":1,"112":1,"113":1,"114":1,"115":6,"116":1,"117":1,"118":1,"119":1,"120":1,"121":1,"122":1,"123":1,"124":1,"125":1078,"126":1,"127":451},"f":{"0":0,"1":0,"2":0,"3":0,"4":0,"5":0,"6":0,"7":0,"8":0,"9":5,"10":0,"11":0,"12":0,"13":0,"14":0,"15":0,"16":0,"17":0,"18":0,"19":0,"20":0,"21":0,"22":0,"23":0,"24":0,"25":0,"26":5,"27":0,"28":0,"29":0,"30":1,"31":0,"32":0,"33":0,"34":0,"35":0,"36":0,"37":0,"38":0,"39":0,"40":22,"41":0,"42":0,"43":0,"44":0,"45":0,"46":0,"47":0,"48":0,"49":0,"50":0,"51":0,"52":0,"53":0,"54":0,"55":0,"56":1,"57":0,"58":5,"59":0,"60":0,"61":0,"62":0,"63":5,"64":0,"65":0,"66":0,"67":0,"68":1077,"69":450},"b":{}}
}
