TN:
SF:src/index.tsx
FN:1,(anonymous_1)
FN:2,(anonymous_2)
FN:3,(anonymous_3)
FN:4,(anonymous_4)
FN:5,(anonymous_5)
FN:6,(anonymous_6)
FN:7,(anonymous_7)
FN:8,(anonymous_8)
FN:9,(anonymous_9)
FN:10,(anonymous_10)
FN:11,(anonymous_11)
FN:12,(anonymous_12)
FN:13,(anonymous_13)
FN:14,(anonymous_14)
FN:14,(anonymous_15)
FN:15,(anonymous_16)
FN:15,(anonymous_17)
FN:17,(anonymous_18)
FN:18,(anonymous_19)
FN:19,(anonymous_20)
FN:20,(anonymous_21)
FN:21,(anonymous_22)
FN:22,(anonymous_23)
FN:23,(anonymous_24)
FN:25,(anonymous_25)
FN:26,(anonymous_26)
FN:27,(anonymous_27)
FN:28,(anonymous_28)
FN:29,(anonymous_29)
FN:30,(anonymous_30)
FN:31,(anonymous_31)
FN:32,(anonymous_32)
FN:33,(anonymous_33)
FN:34,(anonymous_34)
FN:34,(anonymous_35)
FN:35,(anonymous_36)
FN:36,(anonymous_37)
FN:37,(anonymous_38)
FN:38,(anonymous_39)
FN:39,(anonymous_40)
FN:40,(anonymous_41)
FN:41,(anonymous_42)
FN:41,(anonymous_43)
FN:42,(anonymous_44)
FN:43,(anonymous_45)
FN:44,(anonymous_46)
FN:45,(anonymous_47)
FN:45,(anonymous_48)
FN:45,(anonymous_49)
FN:46,(anonymous_50)
FN:47,(anonymous_51)
FN:48,(anonymous_52)
FN:49,(anonymous_53)
FN:50,(anonymous_54)
FN:51,(anonymous_55)
FN:52,(anonymous_56)
FN:53,(anonymous_57)
FN:54,(anonymous_58)
FN:55,(anonymous_59)
FN:56,(anonymous_60)
FN:57,(anonymous_61)
FN:58,(anonymous_62)
FN:59,(anonymous_63)
FN:60,(anonymous_64)
FN:61,(anonymous_65)
FN:62,(anonymous_66)
FN:63,(anonymous_67)
FN:64,(anonymous_68)
FN:65,(anonymous_69)
FN:66,(anonymous_70)
FNF:70
FNH:15
FNDA:3,(anonymous_1)
FNDA:0,(anonymous_2)
FNDA:25,(anonymous_3)
FNDA:9,(anonymous_4)
FNDA:0,(anonymous_5)
FNDA:0,(anonymous_6)
FNDA:0,(anonymous_7)
FNDA:0,(anonymous_8)
FNDA:0,(anonymous_9)
FNDA:62,(anonymous_10)
FNDA:0,(anonymous_11)
FNDA:0,(anonymous_12)
FNDA:0,(anonymous_13)
FNDA:0,(anonymous_14)
FNDA:0,(anonymous_15)
FNDA:0,(anonymous_16)
FNDA:0,(anonymous_17)
FNDA:0,(anonymous_18)
FNDA:0,(anonymous_19)
FNDA:0,(anonymous_20)
FNDA:0,(anonymous_21)
FNDA:0,(anonymous_22)
FNDA:0,(anonymous_23)
FNDA:0,(anonymous_24)
FNDA:6,(anonymous_25)
FNDA:30,(anonymous_26)
FNDA:71,(anonymous_27)
FNDA:0,(anonymous_28)
FNDA:0,(anonymous_29)
FNDA:0,(anonymous_30)
FNDA:17,(anonymous_31)
FNDA:0,(anonymous_32)
FNDA:0,(anonymous_33)
FNDA:0,(anonymous_34)
FNDA:0,(anonymous_35)
FNDA:0,(anonymous_36)
FNDA:0,(anonymous_37)
FNDA:0,(anonymous_38)
FNDA:0,(anonymous_39)
FNDA:0,(anonymous_40)
FNDA:30,(anonymous_41)
FNDA:0,(anonymous_42)
FNDA:0,(anonymous_43)
FNDA:9,(anonymous_44)
FNDA:0,(anonymous_45)
FNDA:0,(anonymous_46)
FNDA:0,(anonymous_47)
FNDA:0,(anonymous_48)
FNDA:0,(anonymous_49)
FNDA:0,(anonymous_50)
FNDA:0,(anonymous_51)
FNDA:0,(anonymous_52)
FNDA:0,(anonymous_53)
FNDA:0,(anonymous_54)
FNDA:0,(anonymous_55)
FNDA:0,(anonymous_56)
FNDA:25,(anonymous_57)
FNDA:0,(anonymous_58)
FNDA:5,(anonymous_59)
FNDA:0,(anonymous_60)
FNDA:0,(anonymous_61)
FNDA:0,(anonymous_62)
FNDA:0,(anonymous_63)
FNDA:82,(anonymous_64)
FNDA:0,(anonymous_65)
FNDA:0,(anonymous_66)
FNDA:0,(anonymous_67)
FNDA:0,(anonymous_68)
FNDA:2311,(anonymous_69)
FNDA:788,(anonymous_70)
DA:1,12
DA:2,9
DA:3,34
DA:4,18
DA:5,9
DA:6,9
DA:7,9
DA:8,9
DA:9,9
DA:10,71
DA:11,9
DA:12,9
DA:13,9
DA:14,9
DA:15,9
DA:16,9
DA:17,9
DA:18,9
DA:19,9
DA:20,9
DA:21,9
DA:22,9
DA:23,9
DA:25,15
DA:26,39
DA:27,80
DA:28,9
DA:29,9
DA:30,9
DA:31,26
DA:32,9
DA:33,9
DA:34,9
DA:35,9
DA:36,9
DA:37,9
DA:38,9
DA:39,9
DA:40,39
DA:41,9
DA:42,18
DA:43,9
DA:44,9
DA:45,9
DA:46,9
DA:47,9
DA:48,9
DA:49,9
DA:50,9
DA:51,9
DA:52,9
DA:53,34
DA:54,9
DA:55,14
DA:56,9
DA:57,9
DA:58,9
DA:59,9
DA:60,91
DA:61,9
DA:62,9
DA:63,9
DA:64,9
DA:65,2320
DA:66,797
LF:65
LH:65
BRF:0
BRH:0
end_of_record
